[ 2015-12-19T00:07:02+08:00 ] ::1 /daily/api/user/register.html
INFO: [ app_init ] --START--
INFO: Run Behavior\BuildLiteBehavior [ RunTime:0.000000s ]
INFO: [ app_init ] --END-- [ RunTime:0.001001s ]
INFO: [ app_begin ] --START--
INFO: Run Behavior\ReadHtmlCacheBehavior [ RunTime:0.001000s ]
INFO: [ app_begin ] --END-- [ RunTime:0.001000s ]
SQL: SHOW COLUMNS FROM `daily_user` [ RunTime:0.0040s ]

[ 2015-12-19T00:14:12+08:00 ] ::1 /daily/api/user/register.html
INFO: [ app_init ] --START--
INFO: Run Behavior\BuildLiteBehavior [ RunTime:0.000000s ]
INFO: [ app_init ] --END-- [ RunTime:0.001000s ]
INFO: [ app_begin ] --START--
INFO: Run Behavior\ReadHtmlCacheBehavior [ RunTime:0.000000s ]
INFO: [ app_begin ] --END-- [ RunTime:0.000000s ]
SQL: SHOW COLUMNS FROM `daily_user` [ RunTime:0.0030s ]
SQL: SELECT * FROM `daily_user` WHERE `username` = 'ab' LIMIT 1   [ RunTime:0.0000s ]

[ 2015-12-19T00:14:41+08:00 ] ::1 /daily/api/user/register.html
INFO: [ app_init ] --START--
INFO: Run Behavior\BuildLiteBehavior [ RunTime:0.000000s ]
INFO: [ app_init ] --END-- [ RunTime:0.001000s ]
INFO: [ app_begin ] --START--
INFO: Run Behavior\ReadHtmlCacheBehavior [ RunTime:0.001000s ]
INFO: [ app_begin ] --END-- [ RunTime:0.001000s ]
SQL: SHOW COLUMNS FROM `daily_user` [ RunTime:0.0030s ]
SQL: SELECT * FROM `daily_user` WHERE `username` = 'ab' LIMIT 1   [ RunTime:0.0010s ]

[ 2015-12-19T00:19:25+08:00 ] ::1 /daily/api/user/register.html
INFO: [ app_init ] --START--
INFO: Run Behavior\BuildLiteBehavior [ RunTime:0.000000s ]
INFO: [ app_init ] --END-- [ RunTime:0.001000s ]
INFO: [ app_begin ] --START--
INFO: Run Behavior\ReadHtmlCacheBehavior [ RunTime:0.001000s ]
INFO: [ app_begin ] --END-- [ RunTime:0.001000s ]
SQL: SHOW COLUMNS FROM `daily_user` [ RunTime:0.0040s ]
SQL: SELECT * FROM `daily_user` WHERE `username` = 'ab' LIMIT 1   [ RunTime:0.0000s ]

[ 2015-12-19T00:19:33+08:00 ] ::1 /daily/api/user/register.html
INFO: [ app_init ] --START--
INFO: Run Behavior\BuildLiteBehavior [ RunTime:0.000000s ]
INFO: [ app_init ] --END-- [ RunTime:0.000000s ]
INFO: [ app_begin ] --START--
INFO: Run Behavior\ReadHtmlCacheBehavior [ RunTime:0.001000s ]
INFO: [ app_begin ] --END-- [ RunTime:0.001000s ]
SQL: SHOW COLUMNS FROM `daily_user` [ RunTime:0.0020s ]
SQL: SELECT * FROM `daily_user` WHERE `username` = 'def' LIMIT 1   [ RunTime:0.0000s ]
ERR: SQLSTATE[23000]: Integrity constraint violation: 1062 Duplicate entry '' for key 'mobile'

[ 2015-12-19T00:19:39+08:00 ] ::1 /daily/api/user/register.html
INFO: [ app_init ] --START--
INFO: Run Behavior\BuildLiteBehavior [ RunTime:0.000000s ]
INFO: [ app_init ] --END-- [ RunTime:0.001000s ]
INFO: [ app_begin ] --START--
INFO: Run Behavior\ReadHtmlCacheBehavior [ RunTime:0.001000s ]
INFO: [ app_begin ] --END-- [ RunTime:0.001000s ]
SQL: SHOW COLUMNS FROM `daily_user` [ RunTime:0.0020s ]
SQL: SELECT * FROM `daily_user` WHERE `username` = 'def' LIMIT 1   [ RunTime:0.0000s ]
ERR: SQLSTATE[23000]: Integrity constraint violation: 1062 Duplicate entry '' for key 'mobile'

[ 2015-12-19T00:19:48+08:00 ] ::1 /daily/api/user/register.html
INFO: [ app_init ] --START--
INFO: Run Behavior\BuildLiteBehavior [ RunTime:0.000000s ]
INFO: [ app_init ] --END-- [ RunTime:0.001000s ]
INFO: [ app_begin ] --START--
INFO: Run Behavior\ReadHtmlCacheBehavior [ RunTime:0.000000s ]
INFO: [ app_begin ] --END-- [ RunTime:0.000000s ]
SQL: SHOW COLUMNS FROM `daily_user` [ RunTime:0.0030s ]
SQL: SELECT * FROM `daily_user` WHERE `username` = 'a' LIMIT 1   [ RunTime:0.0010s ]
ERR: SQLSTATE[23000]: Integrity constraint violation: 1062 Duplicate entry '' for key 'mobile'

[ 2015-12-19T00:19:52+08:00 ] ::1 /daily/api/user/register.html
INFO: [ app_init ] --START--
INFO: Run Behavior\BuildLiteBehavior [ RunTime:0.000000s ]
INFO: [ app_init ] --END-- [ RunTime:0.001000s ]
INFO: [ app_begin ] --START--
INFO: Run Behavior\ReadHtmlCacheBehavior [ RunTime:0.001000s ]
INFO: [ app_begin ] --END-- [ RunTime:0.001000s ]
SQL: SHOW COLUMNS FROM `daily_user` [ RunTime:0.0020s ]
SQL: SELECT * FROM `daily_user` WHERE `username` = 'a' LIMIT 1   [ RunTime:0.0000s ]
ERR: SQLSTATE[23000]: Integrity constraint violation: 1062 Duplicate entry '' for key 'mobile'

[ 2015-12-19T00:20:22+08:00 ] ::1 /daily/api/user/register.html
INFO: [ app_init ] --START--
INFO: Run Behavior\BuildLiteBehavior [ RunTime:0.000000s ]
INFO: [ app_init ] --END-- [ RunTime:0.000000s ]
INFO: [ app_begin ] --START--
INFO: Run Behavior\ReadHtmlCacheBehavior [ RunTime:0.001000s ]
INFO: [ app_begin ] --END-- [ RunTime:0.001000s ]
SQL: SHOW COLUMNS FROM `daily_user` [ RunTime:0.0020s ]
NOTIC: [2] preg_match() [<a href='function.preg-match'>function.preg-match</a>]: No ending delimiter '^' found D:\WWW\daily\ThinkPHP\Library\Think\Model.class.php 第 1116 行.

[ 2015-12-19T00:20:37+08:00 ] ::1 /daily/api/user/register.html
INFO: [ app_init ] --START--
INFO: Run Behavior\BuildLiteBehavior [ RunTime:0.000000s ]
INFO: [ app_init ] --END-- [ RunTime:0.000000s ]
INFO: [ app_begin ] --START--
INFO: Run Behavior\ReadHtmlCacheBehavior [ RunTime:0.000000s ]
INFO: [ app_begin ] --END-- [ RunTime:0.000000s ]
SQL: SHOW COLUMNS FROM `daily_user` [ RunTime:0.0030s ]
NOTIC: [2] preg_match() [<a href='function.preg-match'>function.preg-match</a>]: No ending delimiter '^' found D:\WWW\daily\ThinkPHP\Library\Think\Model.class.php 第 1116 行.

[ 2015-12-19T00:20:47+08:00 ] ::1 /daily/api/user/register.html
INFO: [ app_init ] --START--
INFO: Run Behavior\BuildLiteBehavior [ RunTime:0.000000s ]
INFO: [ app_init ] --END-- [ RunTime:0.001000s ]
INFO: [ app_begin ] --START--
INFO: Run Behavior\ReadHtmlCacheBehavior [ RunTime:0.001000s ]
INFO: [ app_begin ] --END-- [ RunTime:0.001000s ]
SQL: SHOW COLUMNS FROM `daily_user` [ RunTime:0.0030s ]
NOTIC: [2] preg_match() [<a href='function.preg-match'>function.preg-match</a>]: No ending delimiter '^' found D:\WWW\daily\ThinkPHP\Library\Think\Model.class.php 第 1116 行.

[ 2015-12-19T00:21:00+08:00 ] ::1 /daily/api/user/register.html
INFO: [ app_init ] --START--
INFO: Run Behavior\BuildLiteBehavior [ RunTime:0.000000s ]
INFO: [ app_init ] --END-- [ RunTime:0.000000s ]
INFO: [ app_begin ] --START--
INFO: Run Behavior\ReadHtmlCacheBehavior [ RunTime:0.001000s ]
INFO: [ app_begin ] --END-- [ RunTime:0.001000s ]
SQL: SHOW COLUMNS FROM `daily_user` [ RunTime:0.0030s ]
NOTIC: [2] preg_match() [<a href='function.preg-match'>function.preg-match</a>]: No ending delimiter '^' found D:\WWW\daily\ThinkPHP\Library\Think\Model.class.php 第 1116 行.

[ 2015-12-19T00:21:12+08:00 ] ::1 /daily/api/user/register.html
INFO: [ app_init ] --START--
INFO: Run Behavior\BuildLiteBehavior [ RunTime:0.000000s ]
INFO: [ app_init ] --END-- [ RunTime:0.001000s ]
INFO: [ app_begin ] --START--
INFO: Run Behavior\ReadHtmlCacheBehavior [ RunTime:0.000000s ]
INFO: [ app_begin ] --END-- [ RunTime:0.000000s ]
SQL: SHOW COLUMNS FROM `daily_user` [ RunTime:0.0050s ]
NOTIC: [2] preg_match() [<a href='function.preg-match'>function.preg-match</a>]: No ending delimiter '^' found D:\WWW\daily\ThinkPHP\Library\Think\Model.class.php 第 1116 行.

[ 2015-12-19T00:23:13+08:00 ] ::1 /daily/api/user/register.html
INFO: [ app_init ] --START--
INFO: Run Behavior\BuildLiteBehavior [ RunTime:0.000000s ]
INFO: [ app_init ] --END-- [ RunTime:0.001000s ]
INFO: [ app_begin ] --START--
INFO: Run Behavior\ReadHtmlCacheBehavior [ RunTime:0.001000s ]
INFO: [ app_begin ] --END-- [ RunTime:0.001000s ]
SQL: SHOW COLUMNS FROM `daily_user` [ RunTime:0.0030s ]
NOTIC: [2] preg_match() [<a href='function.preg-match'>function.preg-match</a>]: No ending delimiter '^' found D:\WWW\daily\ThinkPHP\Library\Think\Model.class.php 第 1116 行.

[ 2015-12-19T00:25:26+08:00 ] ::1 /daily/api/user/register.html
INFO: [ app_init ] --START--
INFO: Run Behavior\BuildLiteBehavior [ RunTime:0.000000s ]
INFO: [ app_init ] --END-- [ RunTime:0.001000s ]
INFO: [ app_begin ] --START--
INFO: Run Behavior\ReadHtmlCacheBehavior [ RunTime:0.001000s ]
INFO: [ app_begin ] --END-- [ RunTime:0.001000s ]
SQL: SHOW COLUMNS FROM `daily_user` [ RunTime:0.0020s ]
NOTIC: [2] preg_match() [<a href='function.preg-match'>function.preg-match</a>]: No ending delimiter '^' found D:\WWW\daily\ThinkPHP\Library\Think\Model.class.php 第 1116 行.

[ 2015-12-19T00:25:40+08:00 ] ::1 /daily/api/user/register.html
INFO: [ app_init ] --START--
INFO: Run Behavior\BuildLiteBehavior [ RunTime:0.000000s ]
INFO: [ app_init ] --END-- [ RunTime:0.000000s ]
INFO: [ app_begin ] --START--
INFO: Run Behavior\ReadHtmlCacheBehavior [ RunTime:0.001000s ]
INFO: [ app_begin ] --END-- [ RunTime:0.001000s ]
SQL: SHOW COLUMNS FROM `daily_user` [ RunTime:0.0020s ]
NOTIC: [2] preg_match() [<a href='function.preg-match'>function.preg-match</a>]: No ending delimiter '^' found D:\WWW\daily\ThinkPHP\Library\Think\Model.class.php 第 1116 行.

[ 2015-12-19T00:28:00+08:00 ] ::1 /daily/api/user/register.html
INFO: [ app_init ] --START--
INFO: Run Behavior\BuildLiteBehavior [ RunTime:0.000000s ]
INFO: [ app_init ] --END-- [ RunTime:0.001000s ]
INFO: [ app_begin ] --START--
INFO: Run Behavior\ReadHtmlCacheBehavior [ RunTime:0.000000s ]
INFO: [ app_begin ] --END-- [ RunTime:0.000000s ]
SQL: SHOW COLUMNS FROM `daily_user` [ RunTime:0.0030s ]
NOTIC: [2] preg_match() [<a href='function.preg-match'>function.preg-match</a>]: No ending delimiter '^' found D:\WWW\daily\ThinkPHP\Library\Think\Model.class.php 第 1116 行.

[ 2015-12-19T00:28:11+08:00 ] ::1 /daily/api/user/register.html
INFO: [ app_init ] --START--
INFO: Run Behavior\BuildLiteBehavior [ RunTime:0.000000s ]
INFO: [ app_init ] --END-- [ RunTime:0.001000s ]
INFO: [ app_begin ] --START--
INFO: Run Behavior\ReadHtmlCacheBehavior [ RunTime:0.000000s ]
INFO: [ app_begin ] --END-- [ RunTime:0.000000s ]
SQL: SHOW COLUMNS FROM `daily_user` [ RunTime:0.0050s ]
NOTIC: [2] preg_match() [<a href='function.preg-match'>function.preg-match</a>]: No ending delimiter '^' found D:\WWW\daily\ThinkPHP\Library\Think\Model.class.php 第 1116 行.

[ 2015-12-19T00:29:23+08:00 ] ::1 /daily/api/user/register.html
INFO: [ app_init ] --START--
INFO: Run Behavior\BuildLiteBehavior [ RunTime:0.000000s ]
INFO: [ app_init ] --END-- [ RunTime:0.000000s ]
INFO: [ app_begin ] --START--
INFO: Run Behavior\ReadHtmlCacheBehavior [ RunTime:0.001001s ]
INFO: [ app_begin ] --END-- [ RunTime:0.001001s ]
SQL: SHOW COLUMNS FROM `daily_user` [ RunTime:0.0640s ]
NOTIC: [2] preg_match() [<a href='function.preg-match'>function.preg-match</a>]: No ending delimiter '^' found D:\WWW\daily\ThinkPHP\Library\Think\Model.class.php 第 1116 行.

[ 2015-12-19T00:30:01+08:00 ] ::1 /daily/api/user/register.html
INFO: [ app_init ] --START--
INFO: Run Behavior\BuildLiteBehavior [ RunTime:0.000000s ]
INFO: [ app_init ] --END-- [ RunTime:0.001000s ]
INFO: [ app_begin ] --START--
INFO: Run Behavior\ReadHtmlCacheBehavior [ RunTime:0.001000s ]
INFO: [ app_begin ] --END-- [ RunTime:0.001000s ]
SQL: SHOW COLUMNS FROM `daily_user` [ RunTime:0.0030s ]
NOTIC: [2] preg_match() [<a href='function.preg-match'>function.preg-match</a>]: No ending delimiter '^' found D:\WWW\daily\ThinkPHP\Library\Think\Model.class.php 第 1116 行.

[ 2015-12-19T00:30:08+08:00 ] ::1 /daily/api/user/register.html
INFO: [ app_init ] --START--
INFO: Run Behavior\BuildLiteBehavior [ RunTime:0.000000s ]
INFO: [ app_init ] --END-- [ RunTime:0.000000s ]
INFO: [ app_begin ] --START--
INFO: Run Behavior\ReadHtmlCacheBehavior [ RunTime:0.000000s ]
INFO: [ app_begin ] --END-- [ RunTime:0.000000s ]
SQL: SHOW COLUMNS FROM `daily_user` [ RunTime:0.0020s ]
NOTIC: [2] preg_match() [<a href='function.preg-match'>function.preg-match</a>]: No ending delimiter '^' found D:\WWW\daily\ThinkPHP\Library\Think\Model.class.php 第 1116 行.

[ 2015-12-19T00:31:14+08:00 ] ::1 /daily/api/user/register.html
INFO: [ app_init ] --START--
INFO: Run Behavior\BuildLiteBehavior [ RunTime:0.000000s ]
INFO: [ app_init ] --END-- [ RunTime:0.000000s ]
INFO: [ app_begin ] --START--
INFO: Run Behavior\ReadHtmlCacheBehavior [ RunTime:0.000000s ]
INFO: [ app_begin ] --END-- [ RunTime:0.001000s ]
SQL: SHOW COLUMNS FROM `daily_user` [ RunTime:0.0020s ]
NOTIC: [2] preg_match() [<a href='function.preg-match'>function.preg-match</a>]: Unknown modifier '{' D:\WWW\daily\ThinkPHP\Library\Think\Model.class.php 第 1116 行.

[ 2015-12-19T00:31:20+08:00 ] ::1 /daily/api/user/register.html
INFO: [ app_init ] --START--
INFO: Run Behavior\BuildLiteBehavior [ RunTime:0.000000s ]
INFO: [ app_init ] --END-- [ RunTime:0.000000s ]
INFO: [ app_begin ] --START--
INFO: Run Behavior\ReadHtmlCacheBehavior [ RunTime:0.000000s ]
INFO: [ app_begin ] --END-- [ RunTime:0.000000s ]
SQL: SHOW COLUMNS FROM `daily_user` [ RunTime:0.0050s ]
NOTIC: [2] preg_match() [<a href='function.preg-match'>function.preg-match</a>]: Unknown modifier '{' D:\WWW\daily\ThinkPHP\Library\Think\Model.class.php 第 1116 行.

[ 2015-12-19T00:34:26+08:00 ] ::1 /daily/api/user/register.html
INFO: [ app_init ] --START--
INFO: Run Behavior\BuildLiteBehavior [ RunTime:0.000000s ]
INFO: [ app_init ] --END-- [ RunTime:0.001000s ]
INFO: [ app_begin ] --START--
INFO: Run Behavior\ReadHtmlCacheBehavior [ RunTime:0.000000s ]
INFO: [ app_begin ] --END-- [ RunTime:0.000000s ]
SQL: SHOW COLUMNS FROM `daily_user` [ RunTime:0.0050s ]
NOTIC: [2] preg_match() [<a href='function.preg-match'>function.preg-match</a>]: No ending delimiter '^' found D:\WWW\daily\ThinkPHP\Library\Think\Model.class.php 第 1116 行.

[ 2015-12-19T00:34:55+08:00 ] ::1 /daily/api/user/register.html
INFO: [ app_init ] --START--
INFO: Run Behavior\BuildLiteBehavior [ RunTime:0.000000s ]
INFO: [ app_init ] --END-- [ RunTime:0.001000s ]
INFO: [ app_begin ] --START--
INFO: Run Behavior\ReadHtmlCacheBehavior [ RunTime:0.000000s ]
INFO: [ app_begin ] --END-- [ RunTime:0.000000s ]
SQL: SHOW COLUMNS FROM `daily_user` [ RunTime:0.0030s ]
SQL: SELECT * FROM `daily_user` WHERE `username` = '12' LIMIT 1   [ RunTime:0.0010s ]
ERR: SQLSTATE[23000]: Integrity constraint violation: 1062 Duplicate entry '' for key 'mobile'

[ 2015-12-19T00:35:02+08:00 ] ::1 /daily/api/user/register.html
INFO: [ app_init ] --START--
INFO: Run Behavior\BuildLiteBehavior [ RunTime:0.000000s ]
INFO: [ app_init ] --END-- [ RunTime:0.001000s ]
INFO: [ app_begin ] --START--
INFO: Run Behavior\ReadHtmlCacheBehavior [ RunTime:0.001000s ]
INFO: [ app_begin ] --END-- [ RunTime:0.001000s ]
SQL: SHOW COLUMNS FROM `daily_user` [ RunTime:0.0030s ]
SQL: SELECT * FROM `daily_user` WHERE `username` = '12' LIMIT 1   [ RunTime:0.0000s ]
ERR: SQLSTATE[23000]: Integrity constraint violation: 1062 Duplicate entry '' for key 'mobile'

[ 2015-12-19T00:35:04+08:00 ] ::1 /daily/api/user/register.html
INFO: [ app_init ] --START--
INFO: Run Behavior\BuildLiteBehavior [ RunTime:0.000000s ]
INFO: [ app_init ] --END-- [ RunTime:0.000000s ]
INFO: [ app_begin ] --START--
INFO: Run Behavior\ReadHtmlCacheBehavior [ RunTime:0.001000s ]
INFO: [ app_begin ] --END-- [ RunTime:0.001000s ]
SQL: SHOW COLUMNS FROM `daily_user` [ RunTime:0.0020s ]
SQL: SELECT * FROM `daily_user` WHERE `username` = '12' LIMIT 1   [ RunTime:0.0000s ]
ERR: SQLSTATE[23000]: Integrity constraint violation: 1062 Duplicate entry '' for key 'mobile'

[ 2015-12-19T00:35:06+08:00 ] ::1 /daily/api/user/register.html
INFO: [ app_init ] --START--
INFO: Run Behavior\BuildLiteBehavior [ RunTime:0.000000s ]
INFO: [ app_init ] --END-- [ RunTime:0.000000s ]
INFO: [ app_begin ] --START--
INFO: Run Behavior\ReadHtmlCacheBehavior [ RunTime:0.001000s ]
INFO: [ app_begin ] --END-- [ RunTime:0.001000s ]
SQL: SHOW COLUMNS FROM `daily_user` [ RunTime:0.0030s ]
SQL: SELECT * FROM `daily_user` WHERE `username` = '12' LIMIT 1   [ RunTime:0.0000s ]
ERR: SQLSTATE[23000]: Integrity constraint violation: 1062 Duplicate entry '' for key 'mobile'

[ 2015-12-19T00:35:08+08:00 ] ::1 /daily/api/user/register.html
INFO: [ app_init ] --START--
INFO: Run Behavior\BuildLiteBehavior [ RunTime:0.000000s ]
INFO: [ app_init ] --END-- [ RunTime:0.001000s ]
INFO: [ app_begin ] --START--
INFO: Run Behavior\ReadHtmlCacheBehavior [ RunTime:0.001000s ]
INFO: [ app_begin ] --END-- [ RunTime:0.001000s ]
SQL: SHOW COLUMNS FROM `daily_user` [ RunTime:0.0020s ]
SQL: SELECT * FROM `daily_user` WHERE `username` = '12' LIMIT 1   [ RunTime:0.0000s ]
ERR: SQLSTATE[23000]: Integrity constraint violation: 1062 Duplicate entry '' for key 'mobile'

[ 2015-12-19T00:35:10+08:00 ] ::1 /daily/api/user/register.html
INFO: [ app_init ] --START--
INFO: Run Behavior\BuildLiteBehavior [ RunTime:0.000000s ]
INFO: [ app_init ] --END-- [ RunTime:0.000000s ]
INFO: [ app_begin ] --START--
INFO: Run Behavior\ReadHtmlCacheBehavior [ RunTime:0.001000s ]
INFO: [ app_begin ] --END-- [ RunTime:0.001000s ]
SQL: SHOW COLUMNS FROM `daily_user` [ RunTime:0.0020s ]
SQL: SELECT * FROM `daily_user` WHERE `username` = '12' LIMIT 1   [ RunTime:0.0000s ]
ERR: SQLSTATE[23000]: Integrity constraint violation: 1062 Duplicate entry '' for key 'mobile'

[ 2015-12-19T00:35:11+08:00 ] ::1 /daily/api/user/register.html
INFO: [ app_init ] --START--
INFO: Run Behavior\BuildLiteBehavior [ RunTime:0.000000s ]
INFO: [ app_init ] --END-- [ RunTime:0.000000s ]
INFO: [ app_begin ] --START--
INFO: Run Behavior\ReadHtmlCacheBehavior [ RunTime:0.001000s ]
INFO: [ app_begin ] --END-- [ RunTime:0.001000s ]
SQL: SHOW COLUMNS FROM `daily_user` [ RunTime:0.0020s ]
SQL: SELECT * FROM `daily_user` WHERE `username` = '12' LIMIT 1   [ RunTime:0.0000s ]
ERR: SQLSTATE[23000]: Integrity constraint violation: 1062 Duplicate entry '' for key 'mobile'

[ 2015-12-19T00:35:15+08:00 ] ::1 /daily/api/user/register.html
INFO: [ app_init ] --START--
INFO: Run Behavior\BuildLiteBehavior [ RunTime:0.000000s ]
INFO: [ app_init ] --END-- [ RunTime:0.000000s ]
INFO: [ app_begin ] --START--
INFO: Run Behavior\ReadHtmlCacheBehavior [ RunTime:0.000000s ]
INFO: [ app_begin ] --END-- [ RunTime:0.000000s ]
SQL: SHOW COLUMNS FROM `daily_user` [ RunTime:0.0050s ]
SQL: SELECT * FROM `daily_user` WHERE `username` = 'ab' LIMIT 1   [ RunTime:0.0010s ]

[ 2015-12-19T00:36:07+08:00 ] ::1 /daily/api/user/register.html
INFO: [ app_init ] --START--
INFO: Run Behavior\BuildLiteBehavior [ RunTime:0.000000s ]
INFO: [ app_init ] --END-- [ RunTime:0.000000s ]
INFO: [ app_begin ] --START--
INFO: Run Behavior\ReadHtmlCacheBehavior [ RunTime:0.001000s ]
INFO: [ app_begin ] --END-- [ RunTime:0.001000s ]
SQL: SHOW COLUMNS FROM `daily_user` [ RunTime:0.0030s ]

[ 2015-12-19T00:36:15+08:00 ] ::1 /daily/api/user/register.html
INFO: [ app_init ] --START--
INFO: Run Behavior\BuildLiteBehavior [ RunTime:0.000000s ]
INFO: [ app_init ] --END-- [ RunTime:0.000000s ]
INFO: [ app_begin ] --START--
INFO: Run Behavior\ReadHtmlCacheBehavior [ RunTime:0.001000s ]
INFO: [ app_begin ] --END-- [ RunTime:0.001000s ]
SQL: SHOW COLUMNS FROM `daily_user` [ RunTime:0.0020s ]
SQL: SELECT * FROM `daily_user` WHERE `username` = '河' LIMIT 1   [ RunTime:0.0000s ]
ERR: SQLSTATE[23000]: Integrity constraint violation: 1062 Duplicate entry '' for key 'mobile'

[ 2015-12-19T00:36:20+08:00 ] ::1 /daily/api/user/register.html
INFO: [ app_init ] --START--
INFO: Run Behavior\BuildLiteBehavior [ RunTime:0.000000s ]
INFO: [ app_init ] --END-- [ RunTime:0.001000s ]
INFO: [ app_begin ] --START--
INFO: Run Behavior\ReadHtmlCacheBehavior [ RunTime:0.001000s ]
INFO: [ app_begin ] --END-- [ RunTime:0.001000s ]
SQL: SHOW COLUMNS FROM `daily_user` [ RunTime:0.0030s ]
SQL: SELECT * FROM `daily_user` WHERE `username` = '河' LIMIT 1   [ RunTime:0.0010s ]
ERR: SQLSTATE[23000]: Integrity constraint violation: 1062 Duplicate entry '' for key 'mobile'

[ 2015-12-19T00:36:39+08:00 ] ::1 /daily/api/user/register.html
INFO: [ app_init ] --START--
INFO: Run Behavior\BuildLiteBehavior [ RunTime:0.000000s ]
INFO: [ app_init ] --END-- [ RunTime:0.000000s ]
INFO: [ app_begin ] --START--
INFO: Run Behavior\ReadHtmlCacheBehavior [ RunTime:0.000000s ]
INFO: [ app_begin ] --END-- [ RunTime:0.000000s ]
SQL: SHOW COLUMNS FROM `daily_user` [ RunTime:0.0030s ]

[ 2015-12-19T00:37:08+08:00 ] ::1 /daily/api/user/register.html
INFO: [ app_init ] --START--
INFO: Run Behavior\BuildLiteBehavior [ RunTime:0.000000s ]
INFO: [ app_init ] --END-- [ RunTime:0.000000s ]
INFO: [ app_begin ] --START--
INFO: Run Behavior\ReadHtmlCacheBehavior [ RunTime:0.000000s ]
INFO: [ app_begin ] --END-- [ RunTime:0.000000s ]
SQL: SHOW COLUMNS FROM `daily_user` [ RunTime:0.0040s ]

[ 2015-12-19T00:37:15+08:00 ] ::1 /daily/api/user/register.html
INFO: [ app_init ] --START--
INFO: Run Behavior\BuildLiteBehavior [ RunTime:0.000000s ]
INFO: [ app_init ] --END-- [ RunTime:0.000000s ]
INFO: [ app_begin ] --START--
INFO: Run Behavior\ReadHtmlCacheBehavior [ RunTime:0.000000s ]
INFO: [ app_begin ] --END-- [ RunTime:0.001000s ]
SQL: SHOW COLUMNS FROM `daily_user` [ RunTime:0.0030s ]
SQL: SELECT * FROM `daily_user` WHERE `username` = '啊啊' LIMIT 1   [ RunTime:0.0010s ]
ERR: SQLSTATE[23000]: Integrity constraint violation: 1062 Duplicate entry '' for key 'mobile'

[ 2015-12-19T00:37:19+08:00 ] ::1 /daily/api/user/register.html
INFO: [ app_init ] --START--
INFO: Run Behavior\BuildLiteBehavior [ RunTime:0.000000s ]
INFO: [ app_init ] --END-- [ RunTime:0.000000s ]
INFO: [ app_begin ] --START--
INFO: Run Behavior\ReadHtmlCacheBehavior [ RunTime:0.001000s ]
INFO: [ app_begin ] --END-- [ RunTime:0.001000s ]
SQL: SHOW COLUMNS FROM `daily_user` [ RunTime:0.0030s ]
SQL: SELECT * FROM `daily_user` WHERE `username` = '啊啊' LIMIT 1   [ RunTime:0.0010s ]
ERR: SQLSTATE[23000]: Integrity constraint violation: 1062 Duplicate entry '' for key 'mobile'

[ 2015-12-19T00:37:23+08:00 ] ::1 /daily/api/user/register.html
INFO: [ app_init ] --START--
INFO: Run Behavior\BuildLiteBehavior [ RunTime:0.000000s ]
INFO: [ app_init ] --END-- [ RunTime:0.001000s ]
INFO: [ app_begin ] --START--
INFO: Run Behavior\ReadHtmlCacheBehavior [ RunTime:0.000000s ]
INFO: [ app_begin ] --END-- [ RunTime:0.000000s ]
SQL: SHOW COLUMNS FROM `daily_user` [ RunTime:0.0020s ]
SQL: SELECT * FROM `daily_user` WHERE `username` = '啊啊' LIMIT 1   [ RunTime:0.0000s ]
ERR: SQLSTATE[23000]: Integrity constraint violation: 1062 Duplicate entry '' for key 'mobile'

[ 2015-12-19T00:37:27+08:00 ] ::1 /daily/api/user/register.html
INFO: [ app_init ] --START--
INFO: Run Behavior\BuildLiteBehavior [ RunTime:0.000000s ]
INFO: [ app_init ] --END-- [ RunTime:0.001000s ]
INFO: [ app_begin ] --START--
INFO: Run Behavior\ReadHtmlCacheBehavior [ RunTime:0.000000s ]
INFO: [ app_begin ] --END-- [ RunTime:0.000000s ]
SQL: SHOW COLUMNS FROM `daily_user` [ RunTime:0.0020s ]
SQL: SELECT * FROM `daily_user` WHERE `username` = '啊啊' LIMIT 1   [ RunTime:0.0010s ]
ERR: SQLSTATE[23000]: Integrity constraint violation: 1062 Duplicate entry '' for key 'mobile'

[ 2015-12-19T00:37:28+08:00 ] ::1 /daily/api/user/register.html
INFO: [ app_init ] --START--
INFO: Run Behavior\BuildLiteBehavior [ RunTime:0.000000s ]
INFO: [ app_init ] --END-- [ RunTime:0.001000s ]
INFO: [ app_begin ] --START--
INFO: Run Behavior\ReadHtmlCacheBehavior [ RunTime:0.000000s ]
INFO: [ app_begin ] --END-- [ RunTime:0.000000s ]
SQL: SHOW COLUMNS FROM `daily_user` [ RunTime:0.0040s ]
SQL: SELECT * FROM `daily_user` WHERE `username` = '啊啊' LIMIT 1   [ RunTime:0.0010s ]
ERR: SQLSTATE[23000]: Integrity constraint violation: 1062 Duplicate entry '' for key 'mobile'

[ 2015-12-19T00:37:29+08:00 ] ::1 /daily/api/user/register.html
INFO: [ app_init ] --START--
INFO: Run Behavior\BuildLiteBehavior [ RunTime:0.000000s ]
INFO: [ app_init ] --END-- [ RunTime:0.000000s ]
INFO: [ app_begin ] --START--
INFO: Run Behavior\ReadHtmlCacheBehavior [ RunTime:0.001000s ]
INFO: [ app_begin ] --END-- [ RunTime:0.001000s ]
SQL: SHOW COLUMNS FROM `daily_user` [ RunTime:0.0030s ]
SQL: SELECT * FROM `daily_user` WHERE `username` = '啊啊' LIMIT 1   [ RunTime:0.0000s ]
ERR: SQLSTATE[23000]: Integrity constraint violation: 1062 Duplicate entry '' for key 'mobile'

[ 2015-12-19T00:37:30+08:00 ] ::1 /daily/api/user/register.html
INFO: [ app_init ] --START--
INFO: Run Behavior\BuildLiteBehavior [ RunTime:0.000000s ]
INFO: [ app_init ] --END-- [ RunTime:0.000000s ]
INFO: [ app_begin ] --START--
INFO: Run Behavior\ReadHtmlCacheBehavior [ RunTime:0.001000s ]
INFO: [ app_begin ] --END-- [ RunTime:0.001000s ]
SQL: SHOW COLUMNS FROM `daily_user` [ RunTime:0.0040s ]
SQL: SELECT * FROM `daily_user` WHERE `username` = '啊啊' LIMIT 1   [ RunTime:0.0010s ]
ERR: SQLSTATE[23000]: Integrity constraint violation: 1062 Duplicate entry '' for key 'mobile'

[ 2015-12-19T00:37:31+08:00 ] ::1 /daily/api/user/register.html
INFO: [ app_init ] --START--
INFO: Run Behavior\BuildLiteBehavior [ RunTime:0.000000s ]
INFO: [ app_init ] --END-- [ RunTime:0.000000s ]
INFO: [ app_begin ] --START--
INFO: Run Behavior\ReadHtmlCacheBehavior [ RunTime:0.001001s ]
INFO: [ app_begin ] --END-- [ RunTime:0.001001s ]
SQL: SHOW COLUMNS FROM `daily_user` [ RunTime:0.0030s ]
SQL: SELECT * FROM `daily_user` WHERE `username` = '啊啊' LIMIT 1   [ RunTime:0.0000s ]
ERR: SQLSTATE[23000]: Integrity constraint violation: 1062 Duplicate entry '' for key 'mobile'

[ 2015-12-19T00:37:33+08:00 ] ::1 /daily/api/user/register.html
INFO: [ app_init ] --START--
INFO: Run Behavior\BuildLiteBehavior [ RunTime:0.000000s ]
INFO: [ app_init ] --END-- [ RunTime:0.000000s ]
INFO: [ app_begin ] --START--
INFO: Run Behavior\ReadHtmlCacheBehavior [ RunTime:0.000000s ]
INFO: [ app_begin ] --END-- [ RunTime:0.000000s ]
SQL: SHOW COLUMNS FROM `daily_user` [ RunTime:0.0030s ]
SQL: SELECT * FROM `daily_user` WHERE `username` = '啊啊' LIMIT 1   [ RunTime:0.0000s ]
ERR: SQLSTATE[23000]: Integrity constraint violation: 1062 Duplicate entry '' for key 'mobile'

[ 2015-12-19T00:37:34+08:00 ] ::1 /daily/api/user/register.html
INFO: [ app_init ] --START--
INFO: Run Behavior\BuildLiteBehavior [ RunTime:0.000000s ]
INFO: [ app_init ] --END-- [ RunTime:0.001000s ]
INFO: [ app_begin ] --START--
INFO: Run Behavior\ReadHtmlCacheBehavior [ RunTime:0.001000s ]
INFO: [ app_begin ] --END-- [ RunTime:0.002001s ]
SQL: SHOW COLUMNS FROM `daily_user` [ RunTime:0.0040s ]
SQL: SELECT * FROM `daily_user` WHERE `username` = '啊啊' LIMIT 1   [ RunTime:0.0000s ]
ERR: SQLSTATE[23000]: Integrity constraint violation: 1062 Duplicate entry '' for key 'mobile'

[ 2015-12-19T00:37:39+08:00 ] ::1 /daily/api/user/register.html
INFO: [ app_init ] --START--
INFO: Run Behavior\BuildLiteBehavior [ RunTime:0.000000s ]
INFO: [ app_init ] --END-- [ RunTime:0.000000s ]
INFO: [ app_begin ] --START--
INFO: Run Behavior\ReadHtmlCacheBehavior [ RunTime:0.000000s ]
INFO: [ app_begin ] --END-- [ RunTime:0.000000s ]
SQL: SHOW COLUMNS FROM `daily_user` [ RunTime:0.0040s ]
SQL: SELECT * FROM `daily_user` WHERE `username` = '啊啊' LIMIT 1   [ RunTime:0.0010s ]
ERR: SQLSTATE[23000]: Integrity constraint violation: 1062 Duplicate entry '' for key 'mobile'

[ 2015-12-19T00:37:58+08:00 ] ::1 /daily/api/user/register.html
INFO: [ app_init ] --START--
INFO: Run Behavior\BuildLiteBehavior [ RunTime:0.000000s ]
INFO: [ app_init ] --END-- [ RunTime:0.000000s ]
INFO: [ app_begin ] --START--
INFO: Run Behavior\ReadHtmlCacheBehavior [ RunTime:0.000000s ]
INFO: [ app_begin ] --END-- [ RunTime:0.000000s ]
SQL: SHOW COLUMNS FROM `daily_user` [ RunTime:0.0030s ]
SQL: SELECT * FROM `daily_user` WHERE `username` = '啊啊' LIMIT 1   [ RunTime:0.0000s ]
ERR: SQLSTATE[23000]: Integrity constraint violation: 1062 Duplicate entry '' for key 'mobile'

[ 2015-12-19T00:38:09+08:00 ] ::1 /daily/api/user/register.html
INFO: [ app_init ] --START--
INFO: Run Behavior\BuildLiteBehavior [ RunTime:0.000000s ]
INFO: [ app_init ] --END-- [ RunTime:0.000000s ]
INFO: [ app_begin ] --START--
INFO: Run Behavior\ReadHtmlCacheBehavior [ RunTime:0.000000s ]
INFO: [ app_begin ] --END-- [ RunTime:0.000000s ]
SQL: SHOW COLUMNS FROM `daily_user` [ RunTime:0.0020s ]
SQL: SELECT * FROM `daily_user` WHERE `username` = '啊啊' LIMIT 1   [ RunTime:0.0000s ]
ERR: SQLSTATE[23000]: Integrity constraint violation: 1062 Duplicate entry '' for key 'mobile'

[ 2015-12-19T00:40:08+08:00 ] ::1 /daily/api/user/register.html
INFO: [ app_init ] --START--
INFO: Run Behavior\BuildLiteBehavior [ RunTime:0.000000s ]
INFO: [ app_init ] --END-- [ RunTime:0.000000s ]
INFO: [ app_begin ] --START--
INFO: Run Behavior\ReadHtmlCacheBehavior [ RunTime:0.000000s ]
INFO: [ app_begin ] --END-- [ RunTime:0.000000s ]
SQL: SHOW COLUMNS FROM `daily_user` [ RunTime:0.0030s ]
NOTIC: [2] preg_match() [<a href='function.preg-match'>function.preg-match</a>]: Compilation failed: PCRE does not support \L, \l, \N{name}, \U, or \u at offset 3 D:\WWW\daily\ThinkPHP\Library\Think\Model.class.php 第 1116 行.

[ 2015-12-19T00:40:15+08:00 ] ::1 /daily/api/user/register.html
INFO: [ app_init ] --START--
INFO: Run Behavior\BuildLiteBehavior [ RunTime:0.000000s ]
INFO: [ app_init ] --END-- [ RunTime:0.001000s ]
INFO: [ app_begin ] --START--
INFO: Run Behavior\ReadHtmlCacheBehavior [ RunTime:0.000000s ]
INFO: [ app_begin ] --END-- [ RunTime:0.000000s ]
SQL: SHOW COLUMNS FROM `daily_user` [ RunTime:0.0030s ]
NOTIC: [2] preg_match() [<a href='function.preg-match'>function.preg-match</a>]: Compilation failed: PCRE does not support \L, \l, \N{name}, \U, or \u at offset 3 D:\WWW\daily\ThinkPHP\Library\Think\Model.class.php 第 1116 行.

[ 2015-12-19T00:40:21+08:00 ] ::1 /daily/api/user/register.html
INFO: [ app_init ] --START--
INFO: Run Behavior\BuildLiteBehavior [ RunTime:0.000000s ]
INFO: [ app_init ] --END-- [ RunTime:0.000000s ]
INFO: [ app_begin ] --START--
INFO: Run Behavior\ReadHtmlCacheBehavior [ RunTime:0.001000s ]
INFO: [ app_begin ] --END-- [ RunTime:0.002000s ]
SQL: SHOW COLUMNS FROM `daily_user` [ RunTime:0.0040s ]
NOTIC: [2] preg_match() [<a href='function.preg-match'>function.preg-match</a>]: Compilation failed: PCRE does not support \L, \l, \N{name}, \U, or \u at offset 3 D:\WWW\daily\ThinkPHP\Library\Think\Model.class.php 第 1116 行.

[ 2015-12-19T00:40:30+08:00 ] ::1 /daily/api/user/register.html
INFO: [ app_init ] --START--
INFO: Run Behavior\BuildLiteBehavior [ RunTime:0.000000s ]
INFO: [ app_init ] --END-- [ RunTime:0.003000s ]
INFO: [ app_begin ] --START--
INFO: Run Behavior\ReadHtmlCacheBehavior [ RunTime:0.000000s ]
INFO: [ app_begin ] --END-- [ RunTime:0.000000s ]
SQL: SHOW COLUMNS FROM `daily_user` [ RunTime:0.0040s ]
NOTIC: [2] preg_match() [<a href='function.preg-match'>function.preg-match</a>]: Compilation failed: PCRE does not support \L, \l, \N{name}, \U, or \u at offset 3 D:\WWW\daily\ThinkPHP\Library\Think\Model.class.php 第 1116 行.

[ 2015-12-19T00:41:21+08:00 ] ::1 /daily/api/user/register.html
INFO: [ app_init ] --START--
INFO: Run Behavior\BuildLiteBehavior [ RunTime:0.000000s ]
INFO: [ app_init ] --END-- [ RunTime:0.001000s ]
INFO: [ app_begin ] --START--
INFO: Run Behavior\ReadHtmlCacheBehavior [ RunTime:0.000000s ]
INFO: [ app_begin ] --END-- [ RunTime:0.000000s ]
SQL: SHOW COLUMNS FROM `daily_user` [ RunTime:0.0020s ]
NOTIC: [2] preg_match() [<a href='function.preg-match'>function.preg-match</a>]: Compilation failed: PCRE does not support \L, \l, \N{name}, \U, or \u at offset 3 D:\WWW\daily\ThinkPHP\Library\Think\Model.class.php 第 1116 行.

[ 2015-12-19T00:41:28+08:00 ] ::1 /daily/api/user/register.html
INFO: [ app_init ] --START--
INFO: Run Behavior\BuildLiteBehavior [ RunTime:0.000000s ]
INFO: [ app_init ] --END-- [ RunTime:0.000000s ]
INFO: [ app_begin ] --START--
INFO: Run Behavior\ReadHtmlCacheBehavior [ RunTime:0.001000s ]
INFO: [ app_begin ] --END-- [ RunTime:0.001000s ]
SQL: SHOW COLUMNS FROM `daily_user` [ RunTime:0.0040s ]
NOTIC: [2] preg_match() [<a href='function.preg-match'>function.preg-match</a>]: Compilation failed: PCRE does not support \L, \l, \N{name}, \U, or \u at offset 3 D:\WWW\daily\ThinkPHP\Library\Think\Model.class.php 第 1116 行.

[ 2015-12-19T00:41:56+08:00 ] ::1 /daily/api/user/register.html
INFO: [ app_init ] --START--
INFO: Run Behavior\BuildLiteBehavior [ RunTime:0.000000s ]
INFO: [ app_init ] --END-- [ RunTime:0.000000s ]
INFO: [ app_begin ] --START--
INFO: Run Behavior\ReadHtmlCacheBehavior [ RunTime:0.000000s ]
INFO: [ app_begin ] --END-- [ RunTime:0.000000s ]
SQL: SHOW COLUMNS FROM `daily_user` [ RunTime:0.0030s ]

[ 2015-12-19T00:42:01+08:00 ] ::1 /daily/api/user/register.html
INFO: [ app_init ] --START--
INFO: Run Behavior\BuildLiteBehavior [ RunTime:0.000000s ]
INFO: [ app_init ] --END-- [ RunTime:0.001000s ]
INFO: [ app_begin ] --START--
INFO: Run Behavior\ReadHtmlCacheBehavior [ RunTime:0.001000s ]
INFO: [ app_begin ] --END-- [ RunTime:0.001000s ]
SQL: SHOW COLUMNS FROM `daily_user` [ RunTime:0.0040s ]

[ 2015-12-19T00:42:45+08:00 ] ::1 /daily/api/user/register.html
INFO: [ app_init ] --START--
INFO: Run Behavior\BuildLiteBehavior [ RunTime:0.000000s ]
INFO: [ app_init ] --END-- [ RunTime:0.001000s ]
INFO: [ app_begin ] --START--
INFO: Run Behavior\ReadHtmlCacheBehavior [ RunTime:0.000000s ]
INFO: [ app_begin ] --END-- [ RunTime:0.000000s ]
SQL: SHOW COLUMNS FROM `daily_user` [ RunTime:0.0030s ]

[ 2015-12-19T00:43:14+08:00 ] ::1 /daily/api/user/register.html
INFO: [ app_init ] --START--
INFO: Run Behavior\BuildLiteBehavior [ RunTime:0.000000s ]
INFO: [ app_init ] --END-- [ RunTime:0.001000s ]
INFO: [ app_begin ] --START--
INFO: Run Behavior\ReadHtmlCacheBehavior [ RunTime:0.001000s ]
INFO: [ app_begin ] --END-- [ RunTime:0.001000s ]
SQL: SHOW COLUMNS FROM `daily_user` [ RunTime:0.0040s ]

[ 2015-12-19T00:43:19+08:00 ] ::1 /daily/api/user/register.html
INFO: [ app_init ] --START--
INFO: Run Behavior\BuildLiteBehavior [ RunTime:0.000000s ]
INFO: [ app_init ] --END-- [ RunTime:0.000000s ]
INFO: [ app_begin ] --START--
INFO: Run Behavior\ReadHtmlCacheBehavior [ RunTime:0.001000s ]
INFO: [ app_begin ] --END-- [ RunTime:0.001000s ]
SQL: SHOW COLUMNS FROM `daily_user` [ RunTime:0.0050s ]
SQL: SELECT * FROM `daily_user` WHERE `username` = '00' LIMIT 1   [ RunTime:0.0010s ]
ERR: SQLSTATE[23000]: Integrity constraint violation: 1062 Duplicate entry '' for key 'mobile'

[ 2015-12-19T00:43:22+08:00 ] ::1 /daily/api/user/register.html
INFO: [ app_init ] --START--
INFO: Run Behavior\BuildLiteBehavior [ RunTime:0.000000s ]
INFO: [ app_init ] --END-- [ RunTime:0.001000s ]
INFO: [ app_begin ] --START--
INFO: Run Behavior\ReadHtmlCacheBehavior [ RunTime:0.001000s ]
INFO: [ app_begin ] --END-- [ RunTime:0.001000s ]
SQL: SHOW COLUMNS FROM `daily_user` [ RunTime:0.0030s ]
SQL: SELECT * FROM `daily_user` WHERE `username` = '00' LIMIT 1   [ RunTime:0.0000s ]
ERR: SQLSTATE[23000]: Integrity constraint violation: 1062 Duplicate entry '' for key 'mobile'

[ 2015-12-19T00:43:24+08:00 ] ::1 /daily/api/user/register.html
INFO: [ app_init ] --START--
INFO: Run Behavior\BuildLiteBehavior [ RunTime:0.001000s ]
INFO: [ app_init ] --END-- [ RunTime:0.001000s ]
INFO: [ app_begin ] --START--
INFO: Run Behavior\ReadHtmlCacheBehavior [ RunTime:0.000000s ]
INFO: [ app_begin ] --END-- [ RunTime:0.000000s ]
SQL: SHOW COLUMNS FROM `daily_user` [ RunTime:0.0040s ]
SQL: SELECT * FROM `daily_user` WHERE `username` = '00' LIMIT 1   [ RunTime:0.0010s ]
ERR: SQLSTATE[23000]: Integrity constraint violation: 1062 Duplicate entry '' for key 'mobile'

[ 2015-12-19T00:43:27+08:00 ] ::1 /daily/api/user/register.html
INFO: [ app_init ] --START--
INFO: Run Behavior\BuildLiteBehavior [ RunTime:0.000000s ]
INFO: [ app_init ] --END-- [ RunTime:0.000000s ]
INFO: [ app_begin ] --START--
INFO: Run Behavior\ReadHtmlCacheBehavior [ RunTime:0.001000s ]
INFO: [ app_begin ] --END-- [ RunTime:0.001000s ]
SQL: SHOW COLUMNS FROM `daily_user` [ RunTime:0.0030s ]
SQL: SELECT * FROM `daily_user` WHERE `username` = '00' LIMIT 1   [ RunTime:0.0000s ]
ERR: SQLSTATE[23000]: Integrity constraint violation: 1062 Duplicate entry '' for key 'mobile'

[ 2015-12-19T00:43:29+08:00 ] ::1 /daily/api/user/register.html
INFO: [ app_init ] --START--
INFO: Run Behavior\BuildLiteBehavior [ RunTime:0.000000s ]
INFO: [ app_init ] --END-- [ RunTime:0.001000s ]
INFO: [ app_begin ] --START--
INFO: Run Behavior\ReadHtmlCacheBehavior [ RunTime:0.000000s ]
INFO: [ app_begin ] --END-- [ RunTime:0.000000s ]
SQL: SHOW COLUMNS FROM `daily_user` [ RunTime:0.0020s ]
SQL: SELECT * FROM `daily_user` WHERE `username` = '00' LIMIT 1   [ RunTime:0.0010s ]
ERR: SQLSTATE[23000]: Integrity constraint violation: 1062 Duplicate entry '' for key 'mobile'

[ 2015-12-19T00:43:37+08:00 ] ::1 /daily/api/user/register.html
INFO: [ app_init ] --START--
INFO: Run Behavior\BuildLiteBehavior [ RunTime:0.000000s ]
INFO: [ app_init ] --END-- [ RunTime:0.000000s ]
INFO: [ app_begin ] --START--
INFO: Run Behavior\ReadHtmlCacheBehavior [ RunTime:0.001000s ]
INFO: [ app_begin ] --END-- [ RunTime:0.001000s ]
SQL: SHOW COLUMNS FROM `daily_user` [ RunTime:0.0020s ]
SQL: SELECT * FROM `daily_user` WHERE `username` = '00' LIMIT 1   [ RunTime:0.0010s ]
ERR: SQLSTATE[23000]: Integrity constraint violation: 1062 Duplicate entry '' for key 'mobile'

[ 2015-12-19T00:44:41+08:00 ] ::1 /daily/api/user/register.html
INFO: [ app_init ] --START--
INFO: Run Behavior\BuildLiteBehavior [ RunTime:0.000000s ]
INFO: [ app_init ] --END-- [ RunTime:0.000000s ]
INFO: [ app_begin ] --START--
INFO: Run Behavior\ReadHtmlCacheBehavior [ RunTime:0.000000s ]
INFO: [ app_begin ] --END-- [ RunTime:0.001000s ]
SQL: SHOW COLUMNS FROM `daily_user` [ RunTime:0.0020s ]

[ 2015-12-19T00:44:46+08:00 ] ::1 /daily/api/user/register.html
INFO: [ app_init ] --START--
INFO: Run Behavior\BuildLiteBehavior [ RunTime:0.000000s ]
INFO: [ app_init ] --END-- [ RunTime:0.001000s ]
INFO: [ app_begin ] --START--
INFO: Run Behavior\ReadHtmlCacheBehavior [ RunTime:0.001000s ]
INFO: [ app_begin ] --END-- [ RunTime:0.001000s ]
SQL: SHOW COLUMNS FROM `daily_user` [ RunTime:0.0020s ]
SQL: SELECT * FROM `daily_user` WHERE `username` = '12' LIMIT 1   [ RunTime:0.0000s ]
ERR: SQLSTATE[23000]: Integrity constraint violation: 1062 Duplicate entry '' for key 'mobile'

[ 2015-12-19T00:47:30+08:00 ] ::1 /daily/api/user/register.html
INFO: [ app_init ] --START--
INFO: Run Behavior\BuildLiteBehavior [ RunTime:0.000000s ]
INFO: [ app_init ] --END-- [ RunTime:0.001000s ]
INFO: [ app_begin ] --START--
INFO: Run Behavior\ReadHtmlCacheBehavior [ RunTime:0.000000s ]
INFO: [ app_begin ] --END-- [ RunTime:0.000000s ]
SQL: SHOW COLUMNS FROM `daily_user` [ RunTime:0.0050s ]
SQL: SELECT * FROM `daily_user` WHERE `username` = 'abcd' LIMIT 1   [ RunTime:0.0010s ]
ERR: SQLSTATE[23000]: Integrity constraint violation: 1062 Duplicate entry '' for key 'mobile'

[ 2015-12-19T00:47:37+08:00 ] ::1 /daily/api/user/register.html
INFO: [ app_init ] --START--
INFO: Run Behavior\BuildLiteBehavior [ RunTime:0.000000s ]
INFO: [ app_init ] --END-- [ RunTime:0.000000s ]
INFO: [ app_begin ] --START--
INFO: Run Behavior\ReadHtmlCacheBehavior [ RunTime:0.000000s ]
INFO: [ app_begin ] --END-- [ RunTime:0.000000s ]
SQL: SHOW COLUMNS FROM `daily_user` [ RunTime:0.0030s ]
SQL: SELECT * FROM `daily_user` WHERE `username` = 'abcd' LIMIT 1   [ RunTime:0.0010s ]
ERR: SQLSTATE[23000]: Integrity constraint violation: 1062 Duplicate entry '' for key 'mobile'

[ 2015-12-19T00:47:49+08:00 ] ::1 /daily/api/user/register.html
INFO: [ app_init ] --START--
INFO: Run Behavior\BuildLiteBehavior [ RunTime:0.000000s ]
INFO: [ app_init ] --END-- [ RunTime:0.001000s ]
INFO: [ app_begin ] --START--
INFO: Run Behavior\ReadHtmlCacheBehavior [ RunTime:0.001000s ]
INFO: [ app_begin ] --END-- [ RunTime:0.001000s ]
SQL: SHOW COLUMNS FROM `daily_user` [ RunTime:0.0040s ]
SQL: SELECT * FROM `daily_user` WHERE `username` = 'abcdefg' LIMIT 1   [ RunTime:0.0010s ]
ERR: SQLSTATE[23000]: Integrity constraint violation: 1062 Duplicate entry '' for key 'mobile'

[ 2015-12-19T00:48:29+08:00 ] ::1 /daily/api/user/register.html
INFO: [ app_init ] --START--
INFO: Run Behavior\BuildLiteBehavior [ RunTime:0.000000s ]
INFO: [ app_init ] --END-- [ RunTime:0.001000s ]
INFO: [ app_begin ] --START--
INFO: Run Behavior\ReadHtmlCacheBehavior [ RunTime:0.001000s ]
INFO: [ app_begin ] --END-- [ RunTime:0.001000s ]
SQL: SHOW COLUMNS FROM `daily_user` [ RunTime:0.0040s ]
SQL: SELECT * FROM `daily_user` WHERE `username` = 'abcde' LIMIT 1   [ RunTime:0.0000s ]
ERR: SQLSTATE[23000]: Integrity constraint violation: 1062 Duplicate entry '' for key 'mobile'

[ 2015-12-19T00:48:37+08:00 ] ::1 /daily/api/user/register.html
INFO: [ app_init ] --START--
INFO: Run Behavior\BuildLiteBehavior [ RunTime:0.000000s ]
INFO: [ app_init ] --END-- [ RunTime:0.000000s ]
INFO: [ app_begin ] --START--
INFO: Run Behavior\ReadHtmlCacheBehavior [ RunTime:0.000000s ]
INFO: [ app_begin ] --END-- [ RunTime:0.000000s ]
SQL: SHOW COLUMNS FROM `daily_user` [ RunTime:0.0020s ]
SQL: SELECT * FROM `daily_user` WHERE `username` = 'abcde' LIMIT 1   [ RunTime:0.0000s ]
ERR: SQLSTATE[23000]: Integrity constraint violation: 1062 Duplicate entry '' for key 'mobile'

[ 2015-12-19T00:53:05+08:00 ] ::1 /daily/api/user/register.html
INFO: [ app_init ] --START--
INFO: Run Behavior\BuildLiteBehavior [ RunTime:0.000000s ]
INFO: [ app_init ] --END-- [ RunTime:0.000000s ]
INFO: [ app_begin ] --START--
INFO: Run Behavior\ReadHtmlCacheBehavior [ RunTime:0.001000s ]
INFO: [ app_begin ] --END-- [ RunTime:0.001000s ]
SQL: SHOW COLUMNS FROM `daily_user` [ RunTime:0.0050s ]
SQL: SELECT * FROM `daily_user` WHERE `username` = 'qwer' LIMIT 1   [ RunTime:0.0000s ]

[ 2015-12-19T00:57:34+08:00 ] ::1 /daily/api/user/register.html
INFO: [ app_init ] --START--
INFO: Run Behavior\BuildLiteBehavior [ RunTime:0.000000s ]
INFO: [ app_init ] --END-- [ RunTime:0.001000s ]
INFO: [ app_begin ] --START--
INFO: Run Behavior\ReadHtmlCacheBehavior [ RunTime:0.000000s ]
INFO: [ app_begin ] --END-- [ RunTime:0.000000s ]
SQL: SHOW COLUMNS FROM `daily_user` [ RunTime:0.0040s ]
SQL: SELECT * FROM `daily_user` WHERE `username` = 'ade' LIMIT 1   [ RunTime:0.0010s ]

[ 2015-12-19T00:57:44+08:00 ] ::1 /daily/api/user/register.html
INFO: [ app_init ] --START--
INFO: Run Behavior\BuildLiteBehavior [ RunTime:0.000000s ]
INFO: [ app_init ] --END-- [ RunTime:0.000000s ]
INFO: [ app_begin ] --START--
INFO: Run Behavior\ReadHtmlCacheBehavior [ RunTime:0.000000s ]
INFO: [ app_begin ] --END-- [ RunTime:0.000000s ]
SQL: SHOW COLUMNS FROM `daily_user` [ RunTime:0.0030s ]
SQL: SELECT * FROM `daily_user` WHERE `username` = 'ade' LIMIT 1   [ RunTime:0.0010s ]

[ 2015-12-19T00:57:53+08:00 ] ::1 /daily/api/user/register.html
INFO: [ app_init ] --START--
INFO: Run Behavior\BuildLiteBehavior [ RunTime:0.000000s ]
INFO: [ app_init ] --END-- [ RunTime:0.000000s ]
INFO: [ app_begin ] --START--
INFO: Run Behavior\ReadHtmlCacheBehavior [ RunTime:0.001000s ]
INFO: [ app_begin ] --END-- [ RunTime:0.001000s ]
SQL: SHOW COLUMNS FROM `daily_user` [ RunTime:0.0040s ]
SQL: SELECT * FROM `daily_user` WHERE `username` = 'ade' LIMIT 1   [ RunTime:0.0000s ]
ERR: SQLSTATE[23000]: Integrity constraint violation: 1062 Duplicate entry '' for key 'mobile'

[ 2015-12-19T01:00:46+08:00 ] ::1 /daily/api/user/register.html
INFO: [ app_init ] --START--
INFO: Run Behavior\BuildLiteBehavior [ RunTime:0.000000s ]
INFO: [ app_init ] --END-- [ RunTime:0.000000s ]
INFO: [ app_begin ] --START--
INFO: Run Behavior\ReadHtmlCacheBehavior [ RunTime:0.001000s ]
INFO: [ app_begin ] --END-- [ RunTime:0.001000s ]
SQL: SHOW COLUMNS FROM `daily_user` [ RunTime:0.0050s ]
SQL: SELECT * FROM `daily_user` WHERE `username` = 'aaaa' LIMIT 1   [ RunTime:0.0010s ]

[ 2015-12-19T01:08:54+08:00 ] ::1 /daily/api/user/register.html
INFO: [ app_init ] --START--
INFO: Run Behavior\BuildLiteBehavior [ RunTime:0.000000s ]
INFO: [ app_init ] --END-- [ RunTime:0.000000s ]
INFO: [ app_begin ] --START--
INFO: Run Behavior\ReadHtmlCacheBehavior [ RunTime:0.001000s ]
INFO: [ app_begin ] --END-- [ RunTime:0.001000s ]
SQL: SHOW COLUMNS FROM `daily_user` [ RunTime:0.0060s ]
SQL: SELECT * FROM `daily_user` WHERE `username` = '1221' LIMIT 1   [ RunTime:0.0000s ]

[ 2015-12-19T01:09:06+08:00 ] ::1 /daily/api/user/register.html
INFO: [ app_init ] --START--
INFO: Run Behavior\BuildLiteBehavior [ RunTime:0.000000s ]
INFO: [ app_init ] --END-- [ RunTime:0.000000s ]
INFO: [ app_begin ] --START--
INFO: Run Behavior\ReadHtmlCacheBehavior [ RunTime:0.001000s ]
INFO: [ app_begin ] --END-- [ RunTime:0.001000s ]
SQL: SHOW COLUMNS FROM `daily_user` [ RunTime:0.0040s ]
SQL: SELECT * FROM `daily_user` WHERE `username` = '1221' LIMIT 1   [ RunTime:0.0010s ]
ERR: SQLSTATE[23000]: Integrity constraint violation: 1062 Duplicate entry '' for key 'mobile'

[ 2015-12-19T01:09:33+08:00 ] ::1 /daily/api/user/register.html
INFO: [ app_init ] --START--
INFO: Run Behavior\BuildLiteBehavior [ RunTime:0.000000s ]
INFO: [ app_init ] --END-- [ RunTime:0.003000s ]
INFO: [ app_begin ] --START--
INFO: Run Behavior\ReadHtmlCacheBehavior [ RunTime:0.000000s ]
INFO: [ app_begin ] --END-- [ RunTime:0.000000s ]
SQL: SHOW COLUMNS FROM `daily_user` [ RunTime:0.0040s ]
SQL: SELECT * FROM `daily_user` WHERE `username` = '1221' LIMIT 1   [ RunTime:0.0000s ]

[ 2015-12-19T01:14:08+08:00 ] ::1 /daily/api/user/register.html
INFO: [ app_init ] --START--
INFO: Run Behavior\BuildLiteBehavior [ RunTime:0.000000s ]
INFO: [ app_init ] --END-- [ RunTime:0.000000s ]
INFO: [ app_begin ] --START--
INFO: Run Behavior\ReadHtmlCacheBehavior [ RunTime:0.000000s ]
INFO: [ app_begin ] --END-- [ RunTime:0.001000s ]
SQL: SHOW COLUMNS FROM `daily_user` [ RunTime:0.0040s ]
SQL: SELECT * FROM `daily_user` WHERE `username` = 'defg' LIMIT 1   [ RunTime:0.0000s ]
SQL: INSERT INTO `daily_user` (`username`,`password`,`mobile`,`qq`,`weixin`) VALUES ('defg','123456','123','123','123') [ RunTime:0.0600s ]

[ 2015-12-19T01:23:35+08:00 ] ::1 /daily/api/user/register.html
INFO: [ app_init ] --START--
INFO: Run Behavior\BuildLiteBehavior [ RunTime:0.000000s ]
INFO: [ app_init ] --END-- [ RunTime:0.001000s ]
INFO: [ app_begin ] --START--
INFO: Run Behavior\ReadHtmlCacheBehavior [ RunTime:0.001000s ]
INFO: [ app_begin ] --END-- [ RunTime:0.001000s ]
SQL: SHOW COLUMNS FROM `daily_user` [ RunTime:0.0040s ]
SQL: SELECT * FROM `daily_user` WHERE `username` = 'ghost' LIMIT 1   [ RunTime:0.0010s ]
SQL: SELECT * FROM `daily_user` LIMIT 1   [ RunTime:0.0010s ]

[ 2015-12-19T01:23:45+08:00 ] ::1 /daily/api/user/register.html
INFO: [ app_init ] --START--
INFO: Run Behavior\BuildLiteBehavior [ RunTime:0.000000s ]
INFO: [ app_init ] --END-- [ RunTime:0.001000s ]
INFO: [ app_begin ] --START--
INFO: Run Behavior\ReadHtmlCacheBehavior [ RunTime:0.000000s ]
INFO: [ app_begin ] --END-- [ RunTime:0.000000s ]
SQL: SHOW COLUMNS FROM `daily_user` [ RunTime:0.0050s ]
SQL: SELECT * FROM `daily_user` WHERE `username` = 'ghost' LIMIT 1   [ RunTime:0.0000s ]
SQL: SELECT * FROM `daily_user` LIMIT 1   [ RunTime:0.0000s ]

[ 2015-12-19T01:25:12+08:00 ] ::1 /daily/api/user/register.html
INFO: [ app_init ] --START--
INFO: Run Behavior\BuildLiteBehavior [ RunTime:0.000000s ]
INFO: [ app_init ] --END-- [ RunTime:0.000000s ]
INFO: [ app_begin ] --START--
INFO: Run Behavior\ReadHtmlCacheBehavior [ RunTime:0.001000s ]
INFO: [ app_begin ] --END-- [ RunTime:0.001000s ]
SQL: SHOW COLUMNS FROM `daily_user` [ RunTime:0.0040s ]
SQL: SELECT * FROM `daily_user` WHERE `username` = 'ghost' LIMIT 1   [ RunTime:0.0010s ]
SQL: SELECT * FROM `daily_user` LIMIT 1   [ RunTime:0.0000s ]

[ 2015-12-19T01:25:28+08:00 ] ::1 /daily/api/user/register.html
INFO: [ app_init ] --START--
INFO: Run Behavior\BuildLiteBehavior [ RunTime:0.000000s ]
INFO: [ app_init ] --END-- [ RunTime:0.001000s ]
INFO: [ app_begin ] --START--
INFO: Run Behavior\ReadHtmlCacheBehavior [ RunTime:0.000000s ]
INFO: [ app_begin ] --END-- [ RunTime:0.000000s ]
SQL: SHOW COLUMNS FROM `daily_user` [ RunTime:0.0040s ]
SQL: SELECT * FROM `daily_user` WHERE `username` = 'ghost' LIMIT 1   [ RunTime:0.0010s ]
SQL: SELECT * FROM `daily_user` LIMIT 1   [ RunTime:0.0010s ]

[ 2015-12-19T01:26:33+08:00 ] ::1 /daily/api/user/register.html
INFO: [ app_init ] --START--
INFO: Run Behavior\BuildLiteBehavior [ RunTime:0.000000s ]
INFO: [ app_init ] --END-- [ RunTime:0.000000s ]
INFO: [ app_begin ] --START--
INFO: Run Behavior\ReadHtmlCacheBehavior [ RunTime:0.002001s ]
INFO: [ app_begin ] --END-- [ RunTime:0.002001s ]
SQL: SHOW COLUMNS FROM `daily_user` [ RunTime:0.0050s ]
SQL: SELECT * FROM `daily_user` WHERE `username` = 'ghost' LIMIT 1   [ RunTime:0.0010s ]

[ 2015-12-19T01:26:40+08:00 ] ::1 /daily/api/user/register.html
INFO: [ app_init ] --START--
INFO: Run Behavior\BuildLiteBehavior [ RunTime:0.000000s ]
INFO: [ app_init ] --END-- [ RunTime:0.000000s ]
INFO: [ app_begin ] --START--
INFO: Run Behavior\ReadHtmlCacheBehavior [ RunTime:0.000000s ]
INFO: [ app_begin ] --END-- [ RunTime:0.000000s ]
SQL: SHOW COLUMNS FROM `daily_user` [ RunTime:0.0040s ]
SQL: SELECT * FROM `daily_user` WHERE `username` = 'ghost' LIMIT 1   [ RunTime:0.0010s ]
SQL: SELECT * FROM `daily_user` WHERE `mobile` = '13233345567' LIMIT 1   [ RunTime:0.0010s ]
ERR: SQLSTATE[23000]: Integrity constraint violation: 1062 Duplicate entry '' for key 'qq'

[ 2015-12-19T01:28:01+08:00 ] ::1 /daily/api/user/register.html
INFO: [ app_init ] --START--
INFO: Run Behavior\BuildLiteBehavior [ RunTime:0.000000s ]
INFO: [ app_init ] --END-- [ RunTime:0.001001s ]
INFO: [ app_begin ] --START--
INFO: Run Behavior\ReadHtmlCacheBehavior [ RunTime:0.000000s ]
INFO: [ app_begin ] --END-- [ RunTime:0.001000s ]
SQL: SHOW COLUMNS FROM `daily_user` [ RunTime:0.0040s ]
SQL: SELECT * FROM `daily_user` WHERE `username` = 'qqqq' LIMIT 1   [ RunTime:0.0010s ]
SQL: SELECT * FROM `daily_user` LIMIT 1   [ RunTime:0.0010s ]

[ 2015-12-19T01:28:17+08:00 ] ::1 /daily/api/user/register.html
INFO: [ app_init ] --START--
INFO: Run Behavior\BuildLiteBehavior [ RunTime:0.000000s ]
INFO: [ app_init ] --END-- [ RunTime:0.001000s ]
INFO: [ app_begin ] --START--
INFO: Run Behavior\ReadHtmlCacheBehavior [ RunTime:0.000000s ]
INFO: [ app_begin ] --END-- [ RunTime:0.000000s ]
SQL: SHOW COLUMNS FROM `daily_user` [ RunTime:0.0050s ]
SQL: SELECT * FROM `daily_user` WHERE `username` = 'qqqq' LIMIT 1   [ RunTime:0.0010s ]
SQL: SELECT * FROM `daily_user` LIMIT 1   [ RunTime:0.0070s ]

[ 2015-12-19T01:28:43+08:00 ] ::1 /daily/api/user/register.html
INFO: [ app_init ] --START--
INFO: Run Behavior\BuildLiteBehavior [ RunTime:0.000000s ]
INFO: [ app_init ] --END-- [ RunTime:0.000000s ]
INFO: [ app_begin ] --START--
INFO: Run Behavior\ReadHtmlCacheBehavior [ RunTime:0.000000s ]
INFO: [ app_begin ] --END-- [ RunTime:0.001000s ]
SQL: SHOW COLUMNS FROM `daily_user` [ RunTime:0.0040s ]
SQL: SELECT * FROM `daily_user` WHERE `username` = 'qqqq' LIMIT 1   [ RunTime:0.0010s ]
SQL: SELECT * FROM `daily_user` LIMIT 1   [ RunTime:0.0000s ]

[ 2015-12-19T08:56:31+08:00 ] ::1 /daily/api/user/register.html
INFO: [ app_init ] --START--
INFO: Run Behavior\BuildLiteBehavior [ RunTime:0.000000s ]
INFO: [ app_init ] --END-- [ RunTime:0.000000s ]
INFO: [ app_begin ] --START--
INFO: Run Behavior\ReadHtmlCacheBehavior [ RunTime:0.001000s ]
INFO: [ app_begin ] --END-- [ RunTime:0.002000s ]
SQL: SHOW COLUMNS FROM `daily_user` [ RunTime:0.0040s ]
SQL: SELECT * FROM `daily_user` WHERE `username` = 'deepin' LIMIT 1   [ RunTime:0.0000s ]
SQL: SELECT * FROM `daily_user` LIMIT 1   [ RunTime:0.0010s ]

[ 2015-12-19T08:56:46+08:00 ] ::1 /daily/api/user/register.html
INFO: [ app_init ] --START--
INFO: Run Behavior\BuildLiteBehavior [ RunTime:0.000000s ]
INFO: [ app_init ] --END-- [ RunTime:0.000000s ]
INFO: [ app_begin ] --START--
INFO: Run Behavior\ReadHtmlCacheBehavior [ RunTime:0.000000s ]
INFO: [ app_begin ] --END-- [ RunTime:0.000000s ]
SQL: SHOW COLUMNS FROM `daily_user` [ RunTime:0.0020s ]
SQL: SELECT * FROM `daily_user` WHERE `username` = 'deepin' LIMIT 1   [ RunTime:0.0000s ]
SQL: SELECT * FROM `daily_user` LIMIT 1   [ RunTime:0.0000s ]

[ 2015-12-19T09:01:21+08:00 ] ::1 /daily/api/user/register.html
INFO: [ app_init ] --START--
INFO: Run Behavior\BuildLiteBehavior [ RunTime:0.000000s ]
INFO: [ app_init ] --END-- [ RunTime:0.000000s ]
INFO: [ app_begin ] --START--
INFO: Run Behavior\ReadHtmlCacheBehavior [ RunTime:0.001000s ]
INFO: [ app_begin ] --END-- [ RunTime:0.001000s ]
SQL: SHOW COLUMNS FROM `daily_user` [ RunTime:0.0030s ]
SQL: SELECT * FROM `daily_user` WHERE `username` = 'user' LIMIT 1   [ RunTime:0.0010s ]
SQL: SELECT * FROM `daily_user` LIMIT 1   [ RunTime:0.0010s ]

[ 2015-12-19T09:06:19+08:00 ] ::1 /daily/api/user/register.html
INFO: [ app_init ] --START--
INFO: Run Behavior\BuildLiteBehavior [ RunTime:0.000000s ]
INFO: [ app_init ] --END-- [ RunTime:0.001000s ]
INFO: [ app_begin ] --START--
INFO: Run Behavior\ReadHtmlCacheBehavior [ RunTime:0.001000s ]
INFO: [ app_begin ] --END-- [ RunTime:0.001000s ]
SQL: SHOW COLUMNS FROM `daily_user` [ RunTime:0.0040s ]
SQL: SELECT * FROM `daily_user` WHERE `username` = '大灰狼' LIMIT 1   [ RunTime:0.0000s ]
SQL: SELECT * FROM `daily_user` WHERE `email` = 'dhl@qq.com' LIMIT 1   [ RunTime:0.0000s ]
SQL: SELECT * FROM `daily_user` WHERE `mobile` = '15545455454' LIMIT 1   [ RunTime:0.0000s ]
SQL: INSERT INTO `daily_user` (`username`,`password`,`email`,`mobile`,`qq`,`weixin`) VALUES ('大灰狼','dhl123','dhl@qq.com','15545455454','43334333','43334333') [ RunTime:0.0320s ]

[ 2015-12-19T09:21:21+08:00 ] ::1 /daily/api/user/register.html
INFO: [ app_init ] --START--
INFO: Run Behavior\BuildLiteBehavior [ RunTime:0.000000s ]
INFO: [ app_init ] --END-- [ RunTime:0.000000s ]
INFO: [ app_begin ] --START--
INFO: Run Behavior\ReadHtmlCacheBehavior [ RunTime:0.001000s ]
INFO: [ app_begin ] --END-- [ RunTime:0.001000s ]
SQL: SHOW COLUMNS FROM `daily_user` [ RunTime:0.0030s ]
SQL: SELECT * FROM `daily_user` WHERE `username` = '小红帽' LIMIT 1   [ RunTime:0.0010s ]
SQL: SELECT * FROM `daily_user` WHERE `email` = 'smallhat@qq.com' LIMIT 1   [ RunTime:0.0000s ]
SQL: SELECT * FROM `daily_user` WHERE `mobile` = '13344443333' LIMIT 1   [ RunTime:0.0000s ]
SQL: INSERT INTO `daily_user` (`username`,`password`,`email`,`mobile`,`qq`,`weixin`,`register_time`,`register_ip`) VALUES ('小红帽','smallhat','smallhat@qq.com','13344443333','13344443333','13344443333','1450488081','0.0.0.0') [ RunTime:0.0360s ]

[ 2015-12-19T09:27:17+08:00 ] 192.168.199.10 /daily/api/user/register.html
INFO: [ app_init ] --START--
INFO: Run Behavior\BuildLiteBehavior [ RunTime:0.000000s ]
INFO: [ app_init ] --END-- [ RunTime:0.000000s ]
INFO: [ app_begin ] --START--
INFO: Run Behavior\ReadHtmlCacheBehavior [ RunTime:0.001000s ]
INFO: [ app_begin ] --END-- [ RunTime:0.001000s ]
SQL: SHOW COLUMNS FROM `daily_user` [ RunTime:0.0040s ]
SQL: SELECT * FROM `daily_user` WHERE `username` = '大灰狼' LIMIT 1   [ RunTime:0.0010s ]
SQL: SELECT * FROM `daily_user` WHERE `email` = 'wolf@qq.com' LIMIT 1   [ RunTime:0.0010s ]
SQL: SELECT * FROM `daily_user` WHERE `mobile` = '13344443332' LIMIT 1   [ RunTime:0.0000s ]
SQL: INSERT INTO `daily_user` (`username`,`password`,`email`,`mobile`,`qq`,`weixin`,`register_time`,`register_ip`) VALUES ('大灰狼','wolf1111','wolf@qq.com','13344443332','13344444432','13344444432','1450488437','192.168.199.10') [ RunTime:0.0510s ]

[ 2015-12-19T09:49:21+08:00 ] 192.168.199.10 /daily/api/user/register.html
INFO: [ app_init ] --START--
INFO: Run Behavior\BuildLiteBehavior [ RunTime:0.000000s ]
INFO: [ app_init ] --END-- [ RunTime:0.000000s ]
INFO: [ app_begin ] --START--
INFO: Run Behavior\ReadHtmlCacheBehavior [ RunTime:0.001000s ]
INFO: [ app_begin ] --END-- [ RunTime:0.001000s ]
SQL: SHOW COLUMNS FROM `daily_user` [ RunTime:0.0040s ]
SQL: SELECT * FROM `daily_user` WHERE `username` = '荷塘月色' LIMIT 1   [ RunTime:0.0010s ]

[ 2015-12-19T09:49:32+08:00 ] 192.168.199.10 /daily/api/user/register.html
INFO: [ app_init ] --START--
INFO: Run Behavior\BuildLiteBehavior [ RunTime:0.000000s ]
INFO: [ app_init ] --END-- [ RunTime:0.000000s ]
INFO: [ app_begin ] --START--
INFO: Run Behavior\ReadHtmlCacheBehavior [ RunTime:0.000000s ]
INFO: [ app_begin ] --END-- [ RunTime:0.000000s ]
SQL: SHOW COLUMNS FROM `daily_user` [ RunTime:0.0040s ]
SQL: SELECT * FROM `daily_user` WHERE `username` = '荷塘月色' LIMIT 1   [ RunTime:0.0000s ]
SQL: SELECT * FROM `daily_user` WHERE `email` = 'htys@qq.com' LIMIT 1   [ RunTime:0.0010s ]
SQL: SELECT * FROM `daily_user` WHERE `mobile` = '13344443334' LIMIT 1   [ RunTime:0.0010s ]
SQL: INSERT INTO `daily_user` (`username`,`password`,`email`,`mobile`,`qq`,`weixin`,`register_time`,`register_ip`) VALUES ('荷塘月色','htys1234','htys@qq.com','13344443334','13344444443','13344444443','1450489772','192.168.199.10') [ RunTime:0.0730s ]

[ 2015-12-19T09:51:03+08:00 ] 192.168.199.10 /daily/api/user/register.html
INFO: [ app_init ] --START--
INFO: Run Behavior\BuildLiteBehavior [ RunTime:0.000000s ]
INFO: [ app_init ] --END-- [ RunTime:0.000000s ]
INFO: [ app_begin ] --START--
INFO: Run Behavior\ReadHtmlCacheBehavior [ RunTime:0.000000s ]
INFO: [ app_begin ] --END-- [ RunTime:0.000000s ]
SQL: SHOW COLUMNS FROM `daily_user` [ RunTime:0.0040s ]
SQL: SELECT * FROM `daily_user` WHERE `username` = '悟空' LIMIT 1   [ RunTime:0.0010s ]
SQL: SELECT * FROM `daily_user` WHERE `email` = 'wk@qq.com' LIMIT 1   [ RunTime:0.0010s ]
SQL: SELECT * FROM `daily_user` WHERE `mobile` = '18899990000' LIMIT 1   [ RunTime:0.0010s ]
SQL: INSERT INTO `daily_user` (`username`,`password`,`email`,`mobile`,`qq`,`weixin`,`register_time`,`register_ip`) VALUES ('悟空','wk9999','wk@qq.com','18899990000','18800009999','18800009999','1450489862','192.168.199.10') [ RunTime:0.1520s ]

[ 2015-12-19T10:02:49+08:00 ] ::1 /daily/api/user/register.html
INFO: [ app_init ] --START--
INFO: Run Behavior\BuildLiteBehavior [ RunTime:0.000000s ]
INFO: [ app_init ] --END-- [ RunTime:0.000000s ]
INFO: [ app_begin ] --START--
INFO: Run Behavior\ReadHtmlCacheBehavior [ RunTime:0.001000s ]
INFO: [ app_begin ] --END-- [ RunTime:0.001000s ]
SQL: SHOW COLUMNS FROM `daily_user` [ RunTime:0.0030s ]
SQL: SELECT * FROM `daily_user` WHERE `username` = '黑鸭子' LIMIT 1   [ RunTime:0.0010s ]
SQL: SELECT * FROM `daily_user` WHERE `email` = 'hzy@qq.com' LIMIT 1   [ RunTime:0.0000s ]
SQL: SELECT * FROM `daily_user` WHERE `mobile` = '13333333333' LIMIT 1   [ RunTime:0.0000s ]
SQL: SELECT * FROM `daily_user` WHERE `qq` = '13333333333' LIMIT 1   [ RunTime:0.0000s ]

[ 2015-12-19T10:12:19+08:00 ] ::1 /daily/api/user/register.html
INFO: [ app_init ] --START--
INFO: Run Behavior\BuildLiteBehavior [ RunTime:0.000000s ]
INFO: [ app_init ] --END-- [ RunTime:0.001000s ]
INFO: [ app_begin ] --START--
INFO: Run Behavior\ReadHtmlCacheBehavior [ RunTime:0.000000s ]
INFO: [ app_begin ] --END-- [ RunTime:0.000000s ]
SQL: SHOW COLUMNS FROM `daily_user` [ RunTime:0.0030s ]
SQL: SELECT * FROM `daily_user` WHERE `username` = '123' LIMIT 1   [ RunTime:0.0010s ]

[ 2015-12-19T10:12:27+08:00 ] ::1 /daily/api/user/register.html
INFO: [ app_init ] --START--
INFO: Run Behavior\BuildLiteBehavior [ RunTime:0.000000s ]
INFO: [ app_init ] --END-- [ RunTime:0.000000s ]
INFO: [ app_begin ] --START--
INFO: Run Behavior\ReadHtmlCacheBehavior [ RunTime:0.000000s ]
INFO: [ app_begin ] --END-- [ RunTime:0.000000s ]
SQL: SHOW COLUMNS FROM `daily_user` [ RunTime:0.0050s ]

[ 2015-12-19T10:13:52+08:00 ] ::1 /daily/api/user/register.html
INFO: [ app_init ] --START--
INFO: Run Behavior\BuildLiteBehavior [ RunTime:0.000000s ]
INFO: [ app_init ] --END-- [ RunTime:0.000000s ]
INFO: [ app_begin ] --START--
INFO: Run Behavior\ReadHtmlCacheBehavior [ RunTime:0.000000s ]
INFO: [ app_begin ] --END-- [ RunTime:0.001000s ]
SQL: SHOW COLUMNS FROM `daily_user` [ RunTime:0.0040s ]

[ 2015-12-19T10:14:03+08:00 ] ::1 /daily/api/user/register.html
INFO: [ app_init ] --START--
INFO: Run Behavior\BuildLiteBehavior [ RunTime:0.000000s ]
INFO: [ app_init ] --END-- [ RunTime:0.000000s ]
INFO: [ app_begin ] --START--
INFO: Run Behavior\ReadHtmlCacheBehavior [ RunTime:0.000000s ]
INFO: [ app_begin ] --END-- [ RunTime:0.000000s ]
SQL: SHOW COLUMNS FROM `daily_user` [ RunTime:0.0040s ]
SQL: SELECT * FROM `daily_user` WHERE `username` = 'qqqqqqqqqqqqqqqqqqqqqqqqqqqqqqqqqqqqqqqqqqqqqqqqqqqqqqqqqqqqqqqqqqqqqq' LIMIT 1   [ RunTime:0.0010s ]

[ 2015-12-19T10:39:10+08:00 ] 192.168.199.10 /daily/api/user/register.html
INFO: [ app_init ] --START--
INFO: Run Behavior\BuildLiteBehavior [ RunTime:0.000000s ]
INFO: [ app_init ] --END-- [ RunTime:0.001000s ]
INFO: [ app_begin ] --START--
INFO: Run Behavior\ReadHtmlCacheBehavior [ RunTime:0.000000s ]
INFO: [ app_begin ] --END-- [ RunTime:0.000000s ]
SQL: SHOW COLUMNS FROM `daily_user` [ RunTime:0.0040s ]
NOTIC: [2] preg_match() [<a href='function.preg-match'>function.preg-match</a>]: Compilation failed: PCRE does not support \L, \l, \N{name}, \U, or \u at offset 3 D:\WWW\daily\ThinkPHP\Library\Think\Model.class.php 第 1116 行.

[ 2015-12-19T10:39:19+08:00 ] 192.168.199.10 /daily/api/user/register.html
INFO: [ app_init ] --START--
INFO: Run Behavior\BuildLiteBehavior [ RunTime:0.000000s ]
INFO: [ app_init ] --END-- [ RunTime:0.000000s ]
INFO: [ app_begin ] --START--
INFO: Run Behavior\ReadHtmlCacheBehavior [ RunTime:0.001000s ]
INFO: [ app_begin ] --END-- [ RunTime:0.001000s ]
SQL: SHOW COLUMNS FROM `daily_user` [ RunTime:0.0030s ]
NOTIC: [2] preg_match() [<a href='function.preg-match'>function.preg-match</a>]: Compilation failed: PCRE does not support \L, \l, \N{name}, \U, or \u at offset 3 D:\WWW\daily\ThinkPHP\Library\Think\Model.class.php 第 1116 行.

[ 2015-12-19T10:39:35+08:00 ] 192.168.199.10 /daily/api/user/register.html
INFO: [ app_init ] --START--
INFO: Run Behavior\BuildLiteBehavior [ RunTime:0.000000s ]
INFO: [ app_init ] --END-- [ RunTime:0.001000s ]
INFO: [ app_begin ] --START--
INFO: Run Behavior\ReadHtmlCacheBehavior [ RunTime:0.001000s ]
INFO: [ app_begin ] --END-- [ RunTime:0.001000s ]
SQL: SHOW COLUMNS FROM `daily_user` [ RunTime:0.0040s ]
NOTIC: [2] preg_match() [<a href='function.preg-match'>function.preg-match</a>]: Compilation failed: PCRE does not support \L, \l, \N{name}, \U, or \u at offset 3 D:\WWW\daily\ThinkPHP\Library\Think\Model.class.php 第 1116 行.

[ 2015-12-19T10:40:02+08:00 ] 192.168.199.10 /daily/api/user/register.html
INFO: [ app_init ] --START--
INFO: Run Behavior\BuildLiteBehavior [ RunTime:0.000000s ]
INFO: [ app_init ] --END-- [ RunTime:0.000000s ]
INFO: [ app_begin ] --START--
INFO: Run Behavior\ReadHtmlCacheBehavior [ RunTime:0.001000s ]
INFO: [ app_begin ] --END-- [ RunTime:0.001000s ]
SQL: SHOW COLUMNS FROM `daily_user` [ RunTime:0.0040s ]
NOTIC: [2] preg_match() [<a href='function.preg-match'>function.preg-match</a>]: Compilation failed: PCRE does not support \L, \l, \N{name}, \U, or \u at offset 3 D:\WWW\daily\ThinkPHP\Library\Think\Model.class.php 第 1116 行.

[ 2015-12-19T10:40:15+08:00 ] 192.168.199.10 /daily/api/user/register.html
INFO: [ app_init ] --START--
INFO: Run Behavior\BuildLiteBehavior [ RunTime:0.000000s ]
INFO: [ app_init ] --END-- [ RunTime:0.000000s ]
INFO: [ app_begin ] --START--
INFO: Run Behavior\ReadHtmlCacheBehavior [ RunTime:0.001000s ]
INFO: [ app_begin ] --END-- [ RunTime:0.001000s ]
SQL: SHOW COLUMNS FROM `daily_user` [ RunTime:0.0040s ]
NOTIC: [2] preg_match() [<a href='function.preg-match'>function.preg-match</a>]: Compilation failed: PCRE does not support \L, \l, \N{name}, \U, or \u at offset 3 D:\WWW\daily\ThinkPHP\Library\Think\Model.class.php 第 1116 行.

[ 2015-12-19T10:40:25+08:00 ] 192.168.199.10 /daily/api/user/register.html
INFO: [ app_init ] --START--
INFO: Run Behavior\BuildLiteBehavior [ RunTime:0.000000s ]
INFO: [ app_init ] --END-- [ RunTime:0.000000s ]
INFO: [ app_begin ] --START--
INFO: Run Behavior\ReadHtmlCacheBehavior [ RunTime:0.000000s ]
INFO: [ app_begin ] --END-- [ RunTime:0.000000s ]
SQL: SHOW COLUMNS FROM `daily_user` [ RunTime:0.0040s ]
NOTIC: [2] preg_match() [<a href='function.preg-match'>function.preg-match</a>]: Compilation failed: PCRE does not support \L, \l, \N{name}, \U, or \u at offset 3 D:\WWW\daily\ThinkPHP\Library\Think\Model.class.php 第 1116 行.

[ 2015-12-19T10:40:59+08:00 ] 192.168.199.10 /daily/api/user/register.html
INFO: [ app_init ] --START--
INFO: Run Behavior\BuildLiteBehavior [ RunTime:0.000000s ]
INFO: [ app_init ] --END-- [ RunTime:0.001000s ]
INFO: [ app_begin ] --START--
INFO: Run Behavior\ReadHtmlCacheBehavior [ RunTime:0.001000s ]
INFO: [ app_begin ] --END-- [ RunTime:0.001000s ]
SQL: SHOW COLUMNS FROM `daily_user` [ RunTime:0.0040s ]
SQL: SELECT * FROM `daily_user` WHERE `username` = '刘彪' LIMIT 1   [ RunTime:0.0000s ]

[ 2015-12-19T10:41:08+08:00 ] 192.168.199.10 /daily/api/user/register.html
INFO: [ app_init ] --START--
INFO: Run Behavior\BuildLiteBehavior [ RunTime:0.000000s ]
INFO: [ app_init ] --END-- [ RunTime:0.000000s ]
INFO: [ app_begin ] --START--
INFO: Run Behavior\ReadHtmlCacheBehavior [ RunTime:0.001000s ]
INFO: [ app_begin ] --END-- [ RunTime:0.001000s ]
SQL: SHOW COLUMNS FROM `daily_user` [ RunTime:0.0060s ]
SQL: SELECT * FROM `daily_user` WHERE `username` = 'ghost' LIMIT 1   [ RunTime:0.0000s ]

[ 2015-12-19T10:41:39+08:00 ] 192.168.199.10 /daily/api/user/register.html
INFO: [ app_init ] --START--
INFO: Run Behavior\BuildLiteBehavior [ RunTime:0.000000s ]
INFO: [ app_init ] --END-- [ RunTime:0.001000s ]
INFO: [ app_begin ] --START--
INFO: Run Behavior\ReadHtmlCacheBehavior [ RunTime:0.000000s ]
INFO: [ app_begin ] --END-- [ RunTime:0.000000s ]
SQL: SHOW COLUMNS FROM `daily_user` [ RunTime:0.0040s ]

[ 2015-12-19T10:48:00+08:00 ] 192.168.199.10 /daily/api/user/register.html
INFO: [ app_init ] --START--
INFO: Run Behavior\BuildLiteBehavior [ RunTime:0.000000s ]
INFO: [ app_init ] --END-- [ RunTime:0.000000s ]
INFO: [ app_begin ] --START--
INFO: Run Behavior\ReadHtmlCacheBehavior [ RunTime:0.000000s ]
INFO: [ app_begin ] --END-- [ RunTime:0.000000s ]
SQL: SHOW COLUMNS FROM `daily_user` [ RunTime:0.0060s ]

[ 2015-12-19T10:48:08+08:00 ] 192.168.199.10 /daily/api/user/register.html
INFO: [ app_init ] --START--
INFO: Run Behavior\BuildLiteBehavior [ RunTime:0.000000s ]
INFO: [ app_init ] --END-- [ RunTime:0.001000s ]
INFO: [ app_begin ] --START--
INFO: Run Behavior\ReadHtmlCacheBehavior [ RunTime:0.000000s ]
INFO: [ app_begin ] --END-- [ RunTime:0.000000s ]
SQL: SHOW COLUMNS FROM `daily_user` [ RunTime:0.0040s ]

[ 2015-12-19T10:48:16+08:00 ] 192.168.199.10 /daily/api/user/register.html
INFO: [ app_init ] --START--
INFO: Run Behavior\BuildLiteBehavior [ RunTime:0.000000s ]
INFO: [ app_init ] --END-- [ RunTime:0.001000s ]
INFO: [ app_begin ] --START--
INFO: Run Behavior\ReadHtmlCacheBehavior [ RunTime:0.001000s ]
INFO: [ app_begin ] --END-- [ RunTime:0.001000s ]
SQL: SHOW COLUMNS FROM `daily_user` [ RunTime:0.0040s ]
SQL: SELECT * FROM `daily_user` WHERE `username` = '刘彪' LIMIT 1   [ RunTime:0.0010s ]

[ 2015-12-19T10:48:26+08:00 ] 192.168.199.10 /daily/api/user/register.html
INFO: [ app_init ] --START--
INFO: Run Behavior\BuildLiteBehavior [ RunTime:0.000000s ]
INFO: [ app_init ] --END-- [ RunTime:0.000000s ]
INFO: [ app_begin ] --START--
INFO: Run Behavior\ReadHtmlCacheBehavior [ RunTime:0.000000s ]
INFO: [ app_begin ] --END-- [ RunTime:0.000000s ]
SQL: SHOW COLUMNS FROM `daily_user` [ RunTime:0.0030s ]

[ 2015-12-19T10:48:35+08:00 ] 192.168.199.10 /daily/api/user/register.html
INFO: [ app_init ] --START--
INFO: Run Behavior\BuildLiteBehavior [ RunTime:0.000000s ]
INFO: [ app_init ] --END-- [ RunTime:0.000000s ]
INFO: [ app_begin ] --START--
INFO: Run Behavior\ReadHtmlCacheBehavior [ RunTime:0.001000s ]
INFO: [ app_begin ] --END-- [ RunTime:0.001000s ]
SQL: SHOW COLUMNS FROM `daily_user` [ RunTime:0.0040s ]
SQL: SELECT * FROM `daily_user` WHERE `username` = '刘彪' LIMIT 1   [ RunTime:0.0000s ]

[ 2015-12-19T10:48:43+08:00 ] 192.168.199.10 /daily/api/user/register.html
INFO: [ app_init ] --START--
INFO: Run Behavior\BuildLiteBehavior [ RunTime:0.000000s ]
INFO: [ app_init ] --END-- [ RunTime:0.000000s ]
INFO: [ app_begin ] --START--
INFO: Run Behavior\ReadHtmlCacheBehavior [ RunTime:0.001000s ]
INFO: [ app_begin ] --END-- [ RunTime:0.001000s ]
SQL: SHOW COLUMNS FROM `daily_user` [ RunTime:0.0040s ]

[ 2015-12-19T10:49:38+08:00 ] 192.168.199.10 /daily/api/user/register.html
INFO: [ app_init ] --START--
INFO: Run Behavior\BuildLiteBehavior [ RunTime:0.000000s ]
INFO: [ app_init ] --END-- [ RunTime:0.000000s ]
INFO: [ app_begin ] --START--
INFO: Run Behavior\ReadHtmlCacheBehavior [ RunTime:0.000000s ]
INFO: [ app_begin ] --END-- [ RunTime:0.000000s ]
SQL: SHOW COLUMNS FROM `daily_user` [ RunTime:0.0030s ]
SQL: SELECT * FROM `daily_user` WHERE `username` = '张三' LIMIT 1   [ RunTime:0.0000s ]

[ 2015-12-19T10:49:45+08:00 ] 192.168.199.10 /daily/api/user/register.html
INFO: [ app_init ] --START--
INFO: Run Behavior\BuildLiteBehavior [ RunTime:0.000000s ]
INFO: [ app_init ] --END-- [ RunTime:0.001000s ]
INFO: [ app_begin ] --START--
INFO: Run Behavior\ReadHtmlCacheBehavior [ RunTime:0.001000s ]
INFO: [ app_begin ] --END-- [ RunTime:0.001000s ]
SQL: SHOW COLUMNS FROM `daily_user` [ RunTime:0.0050s ]
SQL: SELECT * FROM `daily_user` WHERE `username` = '张三' LIMIT 1   [ RunTime:0.0010s ]

[ 2015-12-19T10:49:54+08:00 ] 192.168.199.10 /daily/api/user/register.html
INFO: [ app_init ] --START--
INFO: Run Behavior\BuildLiteBehavior [ RunTime:0.000000s ]
INFO: [ app_init ] --END-- [ RunTime:0.000000s ]
INFO: [ app_begin ] --START--
INFO: Run Behavior\ReadHtmlCacheBehavior [ RunTime:0.001000s ]
INFO: [ app_begin ] --END-- [ RunTime:0.001000s ]
SQL: SHOW COLUMNS FROM `daily_user` [ RunTime:0.0050s ]
SQL: SELECT * FROM `daily_user` WHERE `username` = '张三' LIMIT 1   [ RunTime:0.0020s ]

